<?xml version="1.0" encoding="UTF-8"?>
<testsuite name="TestSuite" time="34.977" tests="5" errors="0" skipped="0" failures="1">
  <properties>
[...]
</properties>
  <testcase name="verifyTitle" classname="com.ext.testCases.BaseTestCase" time="0.015"/>
  <testcase name="verifyTitle" classname="com.ext.testCases.TC_Login" time="0"/>
  <testcase name="verifyTitle" classname="com.ext.testCases.TC_Register" time="0"/>
  <testcase name="TC_Login1" classname="com.ext.testCases.TC_Login" time="14.885"/>
  <testcase name="TC1_Register" classname="com.ext.testCases.TC_Register" time="20.077">
    <failure message="Not rediected to Web table page expected [true] but found [false]" type="java.lang.AssertionError">java.lang.AssertionError: Not rediected to Web table page expected [true] but found [false]
	at org.testng.Assert.fail(Assert.java:94)
	at org.testng.Assert.failNotEquals(Assert.java:513)
	at org.testng.Assert.assertTrue(Assert.java:42)
	at com.ext.testCases.TC_Register.TC1_Register(TC_Register.java:47)
</failure>
    <system-out><![CDATA[Im inside the TC1_Register
Cell value is Kavya
Cell value is Patil
Cell value is Pune
Cell value is sjs@eekklherrjj.com
Cell value is 1.211121112E9
Cell value is FeMale
Cell value is Movies,Cricket
Movies,Cricket
No of hobbies 2
Cell value is English
Cell value is Android
Cell value is India
Cell value is 1-6-1990
Cell value is Test@1234
Cell value is Test@1234
]]></system-out>
  </testcase>
</testsuite>