<?xml version="1.0" encoding="UTF-8"?>
<testng-results skipped="0" failed="1" total="5" passed="4">
  <reporter-output>
    <line>
      <![CDATA[All Test Cases started- onStart Test- Chrome]]>
    </line>
    <line>
      <![CDATA[All Test Cases started- onStart Test- Chrome]]>
    </line>
    <line>
      <![CDATA[Test Case started verifyTitlenull]]>
    </line>
    <line>
      <![CDATA[Test Case started verifyTitlenull]]>
    </line>
    <line>
      <![CDATA[Test case Name verifyTitle]]>
    </line>
    <line>
      <![CDATA[Resides under test class [TestClass name=class com.ext.testCases.BaseTestCase]]]>
    </line>
    <line>
      <![CDATA[Test Case Status is Pass]]>
    </line>
    <line>
      <![CDATA[Test case Name verifyTitle]]>
    </line>
    <line>
      <![CDATA[Resides under test class [TestClass name=class com.ext.testCases.BaseTestCase]]]>
    </line>
    <line>
      <![CDATA[Test Case Status is Pass]]>
    </line>
    <line>
      <![CDATA[Test Case started verifyTitlenull]]>
    </line>
    <line>
      <![CDATA[Test Case started verifyTitlenull]]>
    </line>
    <line>
      <![CDATA[Test case Name verifyTitle]]>
    </line>
    <line>
      <![CDATA[Resides under test class [TestClass name=class com.ext.testCases.TC_Login]]]>
    </line>
    <line>
      <![CDATA[Test Case Status is Pass]]>
    </line>
    <line>
      <![CDATA[Test case Name verifyTitle]]>
    </line>
    <line>
      <![CDATA[Resides under test class [TestClass name=class com.ext.testCases.TC_Login]]]>
    </line>
    <line>
      <![CDATA[Test Case Status is Pass]]>
    </line>
    <line>
      <![CDATA[Test Case started verifyTitlenull]]>
    </line>
    <line>
      <![CDATA[Test Case started verifyTitlenull]]>
    </line>
    <line>
      <![CDATA[Test case Name verifyTitle]]>
    </line>
    <line>
      <![CDATA[Resides under test class [TestClass name=class com.ext.testCases.TC_Register]]]>
    </line>
    <line>
      <![CDATA[Test Case Status is Pass]]>
    </line>
    <line>
      <![CDATA[Test case Name verifyTitle]]>
    </line>
    <line>
      <![CDATA[Resides under test class [TestClass name=class com.ext.testCases.TC_Register]]]>
    </line>
    <line>
      <![CDATA[Test Case Status is Pass]]>
    </line>
    <line>
      <![CDATA[Test Case started TC_Login1null]]>
    </line>
    <line>
      <![CDATA[Test Case started TC_Login1null]]>
    </line>
    <line>
      <![CDATA[Test case Name TC_Login1]]>
    </line>
    <line>
      <![CDATA[Resides under test class [TestClass name=class com.ext.testCases.TC_Login]]]>
    </line>
    <line>
      <![CDATA[Test Case Status is Pass]]>
    </line>
    <line>
      <![CDATA[Test case Name TC_Login1]]>
    </line>
    <line>
      <![CDATA[Resides under test class [TestClass name=class com.ext.testCases.TC_Login]]]>
    </line>
    <line>
      <![CDATA[Test Case Status is Pass]]>
    </line>
    <line>
      <![CDATA[Test Case started TC1_Registernull]]>
    </line>
    <line>
      <![CDATA[Test Case started TC1_Registernull]]>
    </line>
    <line>
      <![CDATA[Test case Name TC1_Register]]>
    </line>
    <line>
      <![CDATA[Resides under test class [TestClass name=class com.ext.testCases.TC_Register]]]>
    </line>
    <line>
      <![CDATA[Test Case Status is Failed]]>
    </line>
    <line>
      <![CDATA[Test case Name TC1_Register]]>
    </line>
    <line>
      <![CDATA[Resides under test class [TestClass name=class com.ext.testCases.TC_Register]]]>
    </line>
    <line>
      <![CDATA[Test Case Status is Failed]]>
    </line>
  </reporter-output>
  <suite name="Suite" duration-ms="14050" started-at="2017-12-07T17:57:10Z" finished-at="2017-12-07T17:57:24Z">
    <groups>
    </groups>
    <test name="Test- Chrome" duration-ms="14050" started-at="2017-12-07T17:57:10Z" finished-at="2017-12-07T17:57:24Z">
      <class name="com.ext.testCases.TC_Login">
        <test-method status="PASS" signature="beforeMethod()[pri:0, instance:com.ext.testCases.TC_Login@8bd1b6a]" name="beforeMethod" is-config="true" duration-ms="615" started-at="2017-12-07T23:27:23Z" finished-at="2017-12-07T23:27:23Z">
          <reporter-output>
          </reporter-output>
        </test-method> <!-- beforeMethod -->
        <test-method status="PASS" signature="verifyTitle()[pri:0, instance:com.ext.testCases.TC_Login@8bd1b6a]" name="verifyTitle" duration-ms="8" started-at="2017-12-07T23:27:23Z" finished-at="2017-12-07T23:27:23Z">
          <reporter-output>
            <line>
              <![CDATA[Test case Name verifyTitle]]>
            </line>
            <line>
              <![CDATA[Resides under test class [TestClass name=class com.ext.testCases.TC_Login]]]>
            </line>
            <line>
              <![CDATA[Test Case Status is Pass]]>
            </line>
            <line>
              <![CDATA[Test case Name verifyTitle]]>
            </line>
            <line>
              <![CDATA[Resides under test class [TestClass name=class com.ext.testCases.TC_Login]]]>
            </line>
            <line>
              <![CDATA[Test Case Status is Pass]]>
            </line>
          </reporter-output>
        </test-method> <!-- verifyTitle -->
        <test-method status="PASS" signature="tearDown(org.testng.ITestResult)[pri:0, instance:com.ext.testCases.TC_Login@8bd1b6a]" name="tearDown" is-config="true" duration-ms="60" started-at="2017-12-07T23:27:23Z" finished-at="2017-12-07T23:27:23Z">
          <params>
            <param index="0">
              <value>
                <![CDATA[[TestResult name=verifyTitle status=SUCCESS method=BaseTestCase.verifyTitle()[pri:0, instance:com.ext.testCases.TC_Login@8bd1b6a] output=Test case Name verifyTitle]]]>
              </value>
            </param>
          </params>
          <reporter-output>
          </reporter-output>
        </test-method> <!-- tearDown -->
        <test-method status="PASS" signature="TC_Login1()[pri:1, instance:com.ext.testCases.TC_Login@8bd1b6a]" name="TC_Login1" duration-ms="22" started-at="2017-12-07T23:27:24Z" finished-at="2017-12-07T23:27:24Z">
          <reporter-output>
            <line>
              <![CDATA[Test case Name TC_Login1]]>
            </line>
            <line>
              <![CDATA[Resides under test class [TestClass name=class com.ext.testCases.TC_Login]]]>
            </line>
            <line>
              <![CDATA[Test Case Status is Pass]]>
            </line>
            <line>
              <![CDATA[Test case Name TC_Login1]]>
            </line>
            <line>
              <![CDATA[Resides under test class [TestClass name=class com.ext.testCases.TC_Login]]]>
            </line>
            <line>
              <![CDATA[Test Case Status is Pass]]>
            </line>
          </reporter-output>
        </test-method> <!-- TC_Login1 -->
        <test-method status="PASS" signature="tearDown(org.testng.ITestResult)[pri:0, instance:com.ext.testCases.TC_Login@8bd1b6a]" name="tearDown" is-config="true" duration-ms="124" started-at="2017-12-07T23:27:24Z" finished-at="2017-12-07T23:27:24Z">
          <params>
            <param index="0">
              <value>
                <![CDATA[[TestResult name=TC_Login1 status=SUCCESS method=TC_Login.TC_Login1()[pri:1, instance:com.ext.testCases.TC_Login@8bd1b6a] output=Test case Name TC_Login1]]]>
              </value>
            </param>
          </params>
          <reporter-output>
          </reporter-output>
        </test-method> <!-- tearDown -->
      </class> <!-- com.ext.testCases.TC_Login -->
      <class name="com.ext.testCases.BaseTestCase">
        <test-method status="PASS" signature="prerequite(java.lang.String)[pri:0, instance:com.ext.testCases.BaseTestCase@55f3ddb1]" name="prerequite" is-config="true" duration-ms="12617" started-at="2017-12-07T23:27:10Z" finished-at="2017-12-07T23:27:22Z">
          <params>
            <param index="0">
              <value>
                <![CDATA[Chrome]]>
              </value>
            </param>
          </params>
          <reporter-output>
          </reporter-output>
        </test-method> <!-- prerequite -->
        <test-method status="PASS" signature="verifyTitle()[pri:0, instance:com.ext.testCases.BaseTestCase@55f3ddb1]" name="verifyTitle" duration-ms="24" started-at="2017-12-07T23:27:22Z" finished-at="2017-12-07T23:27:22Z">
          <reporter-output>
            <line>
              <![CDATA[Test case Name verifyTitle]]>
            </line>
            <line>
              <![CDATA[Resides under test class [TestClass name=class com.ext.testCases.BaseTestCase]]]>
            </line>
            <line>
              <![CDATA[Test Case Status is Pass]]>
            </line>
            <line>
              <![CDATA[Test case Name verifyTitle]]>
            </line>
            <line>
              <![CDATA[Resides under test class [TestClass name=class com.ext.testCases.BaseTestCase]]]>
            </line>
            <line>
              <![CDATA[Test Case Status is Pass]]>
            </line>
          </reporter-output>
        </test-method> <!-- verifyTitle -->
        <test-method status="PASS" signature="tearDown(org.testng.ITestResult)[pri:0, instance:com.ext.testCases.BaseTestCase@55f3ddb1]" name="tearDown" is-config="true" duration-ms="332" started-at="2017-12-07T23:27:22Z" finished-at="2017-12-07T23:27:23Z">
          <params>
            <param index="0">
              <value>
                <![CDATA[[TestResult name=verifyTitle status=SUCCESS method=BaseTestCase.verifyTitle()[pri:0, instance:com.ext.testCases.BaseTestCase@55f3ddb1] output=Test case Name verifyTitle]]]>
              </value>
            </param>
          </params>
          <reporter-output>
          </reporter-output>
        </test-method> <!-- tearDown -->
      </class> <!-- com.ext.testCases.BaseTestCase -->
      <class name="com.ext.testCases.TC_Register">
        <test-method status="PASS" signature="startTestCase()[pri:0, instance:com.ext.testCases.TC_Register@18be83e4]" name="startTestCase" is-config="true" duration-ms="72" started-at="2017-12-07T23:27:23Z" finished-at="2017-12-07T23:27:23Z">
          <reporter-output>
          </reporter-output>
        </test-method> <!-- startTestCase -->
        <test-method status="PASS" signature="verifyTitle()[pri:0, instance:com.ext.testCases.TC_Register@18be83e4]" name="verifyTitle" duration-ms="8" started-at="2017-12-07T23:27:23Z" finished-at="2017-12-07T23:27:23Z">
          <reporter-output>
            <line>
              <![CDATA[Test case Name verifyTitle]]>
            </line>
            <line>
              <![CDATA[Resides under test class [TestClass name=class com.ext.testCases.TC_Register]]]>
            </line>
            <line>
              <![CDATA[Test Case Status is Pass]]>
            </line>
            <line>
              <![CDATA[Test case Name verifyTitle]]>
            </line>
            <line>
              <![CDATA[Resides under test class [TestClass name=class com.ext.testCases.TC_Register]]]>
            </line>
            <line>
              <![CDATA[Test Case Status is Pass]]>
            </line>
          </reporter-output>
        </test-method> <!-- verifyTitle -->
        <test-method status="PASS" signature="tearDown(org.testng.ITestResult)[pri:0, instance:com.ext.testCases.TC_Register@18be83e4]" name="tearDown" is-config="true" duration-ms="64" started-at="2017-12-07T23:27:23Z" finished-at="2017-12-07T23:27:24Z">
          <params>
            <param index="0">
              <value>
                <![CDATA[[TestResult name=verifyTitle status=SUCCESS method=BaseTestCase.verifyTitle()[pri:0, instance:com.ext.testCases.TC_Register@18be83e4] output=Test case Name verifyTitle]]]>
              </value>
            </param>
          </params>
          <reporter-output>
          </reporter-output>
        </test-method> <!-- tearDown -->
        <test-method status="FAIL" signature="TC1_Register()[pri:3, instance:com.ext.testCases.TC_Register@18be83e4]" name="TC1_Register" duration-ms="8" started-at="2017-12-07T23:27:24Z" finished-at="2017-12-07T23:27:24Z">
          <exception class="java.lang.NullPointerException">
            <full-stacktrace>
              <![CDATA[java.lang.NullPointerException
	at com.ext.actions.Register_Action.excecute(Register_Action.java:22)
	at com.ext.testCases.TC_Register.TC1_Register(TC_Register.java:44)
	at sun.reflect.NativeMethodAccessorImpl.invoke0(Native Method)
	at sun.reflect.NativeMethodAccessorImpl.invoke(NativeMethodAccessorImpl.java:62)
	at sun.reflect.DelegatingMethodAccessorImpl.invoke(DelegatingMethodAccessorImpl.java:43)
	at java.lang.reflect.Method.invoke(Method.java:497)
	at org.testng.internal.MethodInvocationHelper.invokeMethod(MethodInvocationHelper.java:86)
	at org.testng.internal.Invoker.invokeMethod(Invoker.java:643)
	at org.testng.internal.Invoker.invokeTestMethod(Invoker.java:820)
	at org.testng.internal.Invoker.invokeTestMethods(Invoker.java:1128)
	at org.testng.internal.TestMethodWorker.invokeTestMethods(TestMethodWorker.java:129)
	at org.testng.internal.TestMethodWorker.run(TestMethodWorker.java:112)
	at org.testng.TestRunner.privateRun(TestRunner.java:782)
	at org.testng.TestRunner.run(TestRunner.java:632)
	at org.testng.SuiteRunner.runTest(SuiteRunner.java:366)
	at org.testng.SuiteRunner.access$000(SuiteRunner.java:39)
	at org.testng.SuiteRunner$SuiteWorker.run(SuiteRunner.java:400)
	at org.testng.internal.thread.ThreadUtil$2.call(ThreadUtil.java:64)
	at java.util.concurrent.FutureTask.run(FutureTask.java:266)
	at java.util.concurrent.ThreadPoolExecutor.runWorker(ThreadPoolExecutor.java:1142)
	at java.util.concurrent.ThreadPoolExecutor$Worker.run(ThreadPoolExecutor.java:617)
	at java.lang.Thread.run(Thread.java:745)
]]>
            </full-stacktrace>
          </exception> <!-- java.lang.NullPointerException -->
          <reporter-output>
            <line>
              <![CDATA[Test case Name TC1_Register]]>
            </line>
            <line>
              <![CDATA[Resides under test class [TestClass name=class com.ext.testCases.TC_Register]]]>
            </line>
            <line>
              <![CDATA[Test Case Status is Failed]]>
            </line>
            <line>
              <![CDATA[Test case Name TC1_Register]]>
            </line>
            <line>
              <![CDATA[Resides under test class [TestClass name=class com.ext.testCases.TC_Register]]]>
            </line>
            <line>
              <![CDATA[Test Case Status is Failed]]>
            </line>
          </reporter-output>
        </test-method> <!-- TC1_Register -->
        <test-method status="PASS" signature="tearDown(org.testng.ITestResult)[pri:0, instance:com.ext.testCases.TC_Register@18be83e4]" name="tearDown" is-config="true" duration-ms="64" started-at="2017-12-07T23:27:24Z" finished-at="2017-12-07T23:27:24Z">
          <params>
            <param index="0">
              <value>
                <![CDATA[[TestResult name=TC1_Register status=FAILURE method=TC_Register.TC1_Register()[pri:3, instance:com.ext.testCases.TC_Register@18be83e4] output=Test case Name TC1_Register]]]>
              </value>
            </param>
          </params>
          <reporter-output>
          </reporter-output>
        </test-method> <!-- tearDown -->
      </class> <!-- com.ext.testCases.TC_Register -->
    </test> <!-- Test- Chrome -->
  </suite> <!-- Suite -->
</testng-results>
